
Error in attempt 0:
Traceback (most recent call last):
  File "/home/neo/miniconda3/envs/theorem/bin/manim", line 8, in <module>
    sys.exit(main())
             ^^^^^^
  File "/home/neo/miniconda3/envs/theorem/lib/python3.12/site-packages/click/core.py", line 1161, in __call__
    return self.main(*args, **kwargs)
           ^^^^^^^^^^^^^^^^^^^^^^^^^^
  File "/home/neo/miniconda3/envs/theorem/lib/python3.12/site-packages/click/core.py", line 1082, in main
    rv = self.invoke(ctx)
         ^^^^^^^^^^^^^^^^
  File "/home/neo/miniconda3/envs/theorem/lib/python3.12/site-packages/click/core.py", line 1697, in invoke
    return _process_result(sub_ctx.command.invoke(sub_ctx))
                           ^^^^^^^^^^^^^^^^^^^^^^^^^^^^^^^
  File "/home/neo/miniconda3/envs/theorem/lib/python3.12/site-packages/click/core.py", line 1443, in invoke
    return ctx.invoke(self.callback, **ctx.params)
           ^^^^^^^^^^^^^^^^^^^^^^^^^^^^^^^^^^^^^^^
  File "/home/neo/miniconda3/envs/theorem/lib/python3.12/site-packages/click/core.py", line 788, in invoke
    return __callback(*args, **kwargs)
           ^^^^^^^^^^^^^^^^^^^^^^^^^^^
  File "/home/neo/miniconda3/envs/theorem/lib/python3.12/site-packages/manim/cli/render/commands.py", line 116, in render
    for SceneClass in scene_classes_from_file(file):
                      ^^^^^^^^^^^^^^^^^^^^^^^^^^^^^
  File "/home/neo/miniconda3/envs/theorem/lib/python3.12/site-packages/manim/utils/module_ops.py", line 131, in scene_classes_from_file
    module = get_module(file_path)
             ^^^^^^^^^^^^^^^^^^^^^
  File "/home/neo/miniconda3/envs/theorem/lib/python3.12/site-packages/manim/utils/module_ops.py", line 54, in get_module
    spec.loader.exec_module(module)
  File "<frozen importlib._bootstrap_external>", line 999, in exec_module
  File "<frozen importlib._bootstrap>", line 488, in _call_with_frames_removed
  File "/home/neo/dev/salen/theorem/output/triangle_props/triangle_properties/scene1/code/triangle_properties_scene1_v2.py", line 10, in <module>
    from src.utils.kokoro_voiceover import KokoroService  # You MUST import like this as this is our custom voiceover service.
    ^^^^^^^^^^^^^^^^^^^^^^^^^^^^^^^^^^^^^^^^^^^^^^^^^^^^
ModuleNotFoundError: No module named 'src'

